Build started 11/1/2022 11:51:35 PM.
     1>Project "D:\CTDLGT\KT_PhungQuocChien\KT_PhungQuocChien\KT_PhungQuocChien.vcxproj" on node 2 (Build target(s)).
     1>ClCompile:
         C:\Program Files (x86)\Microsoft Visual Studio 12.0\VC\bin\CL.exe /c /ZI /nologo /W3 /WX- /Od /Oy- /D WIN32 /D _DEBUG /D _CONSOLE /D _LIB /D _UNICODE /D UNICODE /Gm /EHsc /RTC1 /MDd /GS /fp:precise /Zc:wchar_t /Zc:forScope /Fo"Debug\\" /Fd"Debug\vc120.pdb" /Gd /TP /analyze- /errorReport:prompt Main.cpp
         Main.cpp
     1>d:\ctdlgt\kt_phungquocchien\kt_phungquocchien\struct.h(26): warning C4996: 'getch': The POSIX name for this item is deprecated. Instead, use the ISO C++ conformant name: _getch. See online help for details.
                 c:\program files (x86)\microsoft visual studio 12.0\vc\include\conio.h(131) : see declaration of 'getch'
     1>d:\ctdlgt\kt_phungquocchien\kt_phungquocchien\struct.h(67): warning C4996: 'getch': The POSIX name for this item is deprecated. Instead, use the ISO C++ conformant name: _getch. See online help for details.
                 c:\program files (x86)\microsoft visual studio 12.0\vc\include\conio.h(131) : see declaration of 'getch'
     1>d:\ctdlgt\kt_phungquocchien\kt_phungquocchien\struct.h(90): warning C4996: 'fopen': This function or variable may be unsafe. Consider using fopen_s instead. To disable deprecation, use _CRT_SECURE_NO_WARNINGS. See online help for details.
                 c:\program files (x86)\microsoft visual studio 12.0\vc\include\stdio.h(211) : see declaration of 'fopen'
     1>d:\ctdlgt\kt_phungquocchien\kt_phungquocchien\struct.h(94): warning C4996: 'getch': The POSIX name for this item is deprecated. Instead, use the ISO C++ conformant name: _getch. See online help for details.
                 c:\program files (x86)\microsoft visual studio 12.0\vc\include\conio.h(131) : see declaration of 'getch'
     1>d:\ctdlgt\kt_phungquocchien\kt_phungquocchien\struct.h(105): warning C4996: 'fscanf': This function or variable may be unsafe. Consider using fscanf_s instead. To disable deprecation, use _CRT_SECURE_NO_WARNINGS. See online help for details.
                 c:\program files (x86)\microsoft visual studio 12.0\vc\include\stdio.h(230) : see declaration of 'fscanf'
     1>d:\ctdlgt\kt_phungquocchien\kt_phungquocchien\struct.h(108): warning C4244: '=' : conversion from 'double' to 'float', possible loss of data
     1>d:\ctdlgt\kt_phungquocchien\kt_phungquocchien\struct.h(151): warning C4996: 'fopen': This function or variable may be unsafe. Consider using fopen_s instead. To disable deprecation, use _CRT_SECURE_NO_WARNINGS. See online help for details.
                 c:\program files (x86)\microsoft visual studio 12.0\vc\include\stdio.h(211) : see declaration of 'fopen'
     1>d:\ctdlgt\kt_phungquocchien\kt_phungquocchien\main.cpp(26): warning C4996: 'scanf': This function or variable may be unsafe. Consider using scanf_s instead. To disable deprecation, use _CRT_SECURE_NO_WARNINGS. See online help for details.
                 c:\program files (x86)\microsoft visual studio 12.0\vc\include\stdio.h(283) : see declaration of 'scanf'
     1>d:\ctdlgt\kt_phungquocchien\kt_phungquocchien\main.cpp(50): warning C4996: 'getch': The POSIX name for this item is deprecated. Instead, use the ISO C++ conformant name: _getch. See online help for details.
                 c:\program files (x86)\microsoft visual studio 12.0\vc\include\conio.h(131) : see declaration of 'getch'
       Link:
         C:\Program Files (x86)\Microsoft Visual Studio 12.0\VC\bin\link.exe /ERRORREPORT:PROMPT /OUT:"D:\CTDLGT\KT_PhungQuocChien\Debug\KT_PhungQuocChien.exe" /INCREMENTAL /NOLOGO kernel32.lib user32.lib gdi32.lib winspool.lib comdlg32.lib advapi32.lib shell32.lib ole32.lib oleaut32.lib uuid.lib odbc32.lib odbccp32.lib /MANIFEST /MANIFESTUAC:"level='asInvoker' uiAccess='false'" /manifest:embed /DEBUG /PDB:"D:\CTDLGT\KT_PhungQuocChien\Debug\KT_PhungQuocChien.pdb" /SUBSYSTEM:CONSOLE /TLBID:1 /DYNAMICBASE /NXCOMPAT /IMPLIB:"D:\CTDLGT\KT_PhungQuocChien\Debug\KT_PhungQuocChien.lib" /MACHINE:X86 Debug\Main.obj
         KT_PhungQuocChien.vcxproj -> D:\CTDLGT\KT_PhungQuocChien\Debug\KT_PhungQuocChien.exe
     1>Done Building Project "D:\CTDLGT\KT_PhungQuocChien\KT_PhungQuocChien\KT_PhungQuocChien.vcxproj" (Build target(s)).

Build succeeded.

Time Elapsed 00:00:00.39
